# JRE version: Java(TM) SE Runtime Environment (8.0_361) (build 1.8.0_361-b09)
# Java VM: Java HotSpot(TM) 64-Bit Server VM (25.361-b09 mixed mode windows-amd64 compressed oops)
Heap:
 PSYoungGen      total 140288K, used 41656K [0x00000000d6300000, 0x00000000e3280000, 0x0000000100000000)
  eden space 129024K, 23% used [0x00000000d6300000,0x00000000d80b04f8,0x00000000de100000)
  from space 11264K, 99% used [0x00000000de100000,0x00000000debfddf8,0x00000000dec00000)
  to   space 19968K, 0% used [0x00000000e1f00000,0x00000000e1f00000,0x00000000e3280000)
 ParOldGen       total 61952K, used 25979K [0x0000000082800000, 0x0000000086480000, 0x00000000d6300000)
  object space 61952K, 41% used [0x0000000082800000,0x000000008415ec18,0x0000000086480000)
 Metaspace       used 32916K, capacity 33914K, committed 34048K, reserved 1079296K
  class space    used 3955K, capacity 4258K, committed 4352K, reserved 1048576K
GC Heap History (10 events):
Event: 4.084 GC heap before
{Heap before GC invocations=4 (full 0):
 PSYoungGen      total 37888K, used 37856K [0x00000000d6300000, 0x00000000dad00000, 0x0000000100000000)
  eden space 32768K, 100% used [0x00000000d6300000,0x00000000d8300000,0x00000000d8300000)
  from space 5120K, 99% used [0x00000000d8300000,0x00000000d87f8040,0x00000000d8800000)
  to   space 5120K, 0% used [0x00000000da800000,0x00000000da800000,0x00000000dad00000)
 ParOldGen       total 86016K, used 6244K [0x0000000082800000, 0x0000000087c00000, 0x00000000d6300000)
  object space 86016K, 7% used [0x0000000082800000,0x0000000082e19048,0x0000000087c00000)
 Metaspace       used 19170K, capacity 19742K, committed 20096K, reserved 1067008K
  class space    used 2377K, capacity 2575K, committed 2688K, reserved 1048576K
Event: 4.095 GC heap after
Heap after GC invocations=4 (full 0):
 PSYoungGen      total 70656K, used 5104K [0x00000000d6300000, 0x00000000dad00000, 0x0000000100000000)
  eden space 65536K, 0% used [0x00000000d6300000,0x00000000d6300000,0x00000000da300000)
  from space 5120K, 99% used [0x00000000da800000,0x00000000dacfc030,0x00000000dad00000)
  to   space 5120K, 0% used [0x00000000da300000,0x00000000da300000,0x00000000da800000)
 ParOldGen       total 86016K, used 9590K [0x0000000082800000, 0x0000000087c00000, 0x00000000d6300000)
  object space 86016K, 11% used [0x0000000082800000,0x000000008315d8b8,0x0000000087c00000)
 Metaspace       used 19170K, capacity 19742K, committed 20096K, reserved 1067008K
  class space    used 2377K, capacity 2575K, committed 2688K, reserved 1048576K
}
Event: 4.841 GC heap before
{Heap before GC invocations=5 (full 0):
 PSYoungGen      total 70656K, used 49769K [0x00000000d6300000, 0x00000000dad00000, 0x0000000100000000)
  eden space 65536K, 68% used [0x00000000d6300000,0x00000000d8e9e740,0x00000000da300000)
  from space 5120K, 99% used [0x00000000da800000,0x00000000dacfc030,0x00000000dad00000)
  to   space 5120K, 0% used [0x00000000da300000,0x00000000da300000,0x00000000da800000)
 ParOldGen       total 86016K, used 9590K [0x0000000082800000, 0x0000000087c00000, 0x00000000d6300000)
  object space 86016K, 11% used [0x0000000082800000,0x000000008315d8b8,0x0000000087c00000)
 Metaspace       used 20446K, capacity 21200K, committed 21296K, reserved 1069056K
  class space    used 2483K, capacity 2670K, committed 2688K, reserved 1048576K
Event: 4.849 GC heap after
Heap after GC invocations=5 (full 0):
 PSYoungGen      total 70656K, used 5088K [0x00000000d6300000, 0x00000000df700000, 0x0000000100000000)
  eden space 65536K, 0% used [0x00000000d6300000,0x00000000d6300000,0x00000000da300000)
  from space 5120K, 99% used [0x00000000da300000,0x00000000da7f8020,0x00000000da800000)
  to   space 10240K, 0% used [0x00000000ded00000,0x00000000ded00000,0x00000000df700000)
 ParOldGen       total 86016K, used 12996K [0x0000000082800000, 0x0000000087c00000, 0x00000000d6300000)
  object space 86016K, 15% used [0x0000000082800000,0x00000000834b1078,0x0000000087c00000)
 Metaspace       used 20446K, capacity 21200K, committed 21296K, reserved 1069056K
  class space    used 2483K, capacity 2670K, committed 2688K, reserved 1048576K
}
Event: 4.849 GC heap before
{Heap before GC invocations=6 (full 1):
 PSYoungGen      total 70656K, used 5088K [0x00000000d6300000, 0x00000000df700000, 0x0000000100000000)
  eden space 65536K, 0% used [0x00000000d6300000,0x00000000d6300000,0x00000000da300000)
  from space 5120K, 99% used [0x00000000da300000,0x00000000da7f8020,0x00000000da800000)
  to   space 10240K, 0% used [0x00000000ded00000,0x00000000ded00000,0x00000000df700000)
 ParOldGen       total 86016K, used 12996K [0x0000000082800000, 0x0000000087c00000, 0x00000000d6300000)
  object space 86016K, 15% used [0x0000000082800000,0x00000000834b1078,0x0000000087c00000)
 Metaspace       used 20446K, capacity 21200K, committed 21296K, reserved 1069056K
  class space    used 2483K, capacity 2670K, committed 2688K, reserved 1048576K
Event: 4.889 GC heap after
Heap after GC invocations=6 (full 1):
 PSYoungGen      total 70656K, used 0K [0x00000000d6300000, 0x00000000df700000, 0x0000000100000000)
  eden space 65536K, 0% used [0x00000000d6300000,0x00000000d6300000,0x00000000da300000)
  from space 5120K, 0% used [0x00000000da300000,0x00000000da300000,0x00000000da800000)
  to   space 10240K, 0% used [0x00000000ded00000,0x00000000ded00000,0x00000000df700000)
 ParOldGen       total 61952K, used 11150K [0x0000000082800000, 0x0000000086480000, 0x00000000d6300000)
  object space 61952K, 17% used [0x0000000082800000,0x00000000832e38d0,0x0000000086480000)
 Metaspace       used 20446K, capacity 21200K, committed 21296K, reserved 1069056K
  class space    used 2483K, capacity 2670K, committed 2688K, reserved 1048576K
}
Event: 5.940 GC heap before
{Heap before GC invocations=7 (full 1):
 PSYoungGen      total 70656K, used 65536K [0x00000000d6300000, 0x00000000df700000, 0x0000000100000000)
  eden space 65536K, 100% used [0x00000000d6300000,0x00000000da300000,0x00000000da300000)
  from space 5120K, 0% used [0x00000000da300000,0x00000000da300000,0x00000000da800000)
  to   space 10240K, 0% used [0x00000000ded00000,0x00000000ded00000,0x00000000df700000)
 ParOldGen       total 61952K, used 11150K [0x0000000082800000, 0x0000000086480000, 0x00000000d6300000)
  object space 61952K, 17% used [0x0000000082800000,0x00000000832e38d0,0x0000000086480000)
 Metaspace       used 26376K, capacity 27218K, committed 27264K, reserved 1073152K
  class space    used 3190K, capacity 3452K, committed 3456K, reserved 1048576K
Event: 5.948 GC heap after
Heap after GC invocations=7 (full 1):
 PSYoungGen      total 114688K, used 10236K [0x00000000d6300000, 0x00000000df700000, 0x0000000100000000)
  eden space 104448K, 0% used [0x00000000d6300000,0x00000000d6300000,0x00000000dc900000)
  from space 10240K, 99% used [0x00000000ded00000,0x00000000df6ff360,0x00000000df700000)
  to   space 11264K, 0% used [0x00000000de100000,0x00000000de100000,0x00000000dec00000)
 ParOldGen       total 61952K, used 11320K [0x0000000082800000, 0x0000000086480000, 0x00000000d6300000)
  object space 61952K, 18% used [0x0000000082800000,0x000000008330e130,0x0000000086480000)
 Metaspace       used 26376K, capacity 27218K, committed 27264K, reserved 1073152K
  class space    used 3190K, capacity 3452K, committed 3456K, reserved 1048576K
}
Event: 7.281 GC heap before
{Heap before GC invocations=8 (full 1):
 PSYoungGen      total 114688K, used 114684K [0x00000000d6300000, 0x00000000df700000, 0x0000000100000000)
  eden space 104448K, 100% used [0x00000000d6300000,0x00000000dc900000,0x00000000dc900000)
  from space 10240K, 99% used [0x00000000ded00000,0x00000000df6ff360,0x00000000df700000)
  to   space 11264K, 0% used [0x00000000de100000,0x00000000de100000,0x00000000dec00000)
 ParOldGen       total 61952K, used 11320K [0x0000000082800000, 0x0000000086480000, 0x00000000d6300000)
  object space 61952K, 18% used [0x0000000082800000,0x000000008330e130,0x0000000086480000)
 Metaspace       used 32910K, capacity 33850K, committed 34048K, reserved 1079296K
  class space    used 3955K, capacity 4258K, committed 4352K, reserved 1048576K
Event: 7.315 GC heap after
Heap after GC invocations=8 (full 1):
 PSYoungGen      total 140288K, used 11255K [0x00000000d6300000, 0x00000000e3280000, 0x0000000100000000)
  eden space 129024K, 0% used [0x00000000d6300000,0x00000000d6300000,0x00000000de100000)
  from space 11264K, 99% used [0x00000000de100000,0x00000000debfddf8,0x00000000dec00000)
  to   space 19968K, 0% used [0x00000000e1f00000,0x00000000e1f00000,0x00000000e3280000)
 ParOldGen       total 61952K, used 25979K [0x0000000082800000, 0x0000000086480000, 0x00000000d6300000)
  object space 61952K, 41% used [0x0000000082800000,0x000000008415ec18,0x0000000086480000)
 Metaspace       used 32910K, capacity 33850K, committed 34048K, reserved 1079296K
  class space    used 3955K, capacity 4258K, committed 4352K, reserved 1048576K
}

